
Bookモデルのテスト
 
[STEP2] ユーザログイン後のテスト
  ヘッダーのテスト: ログインしている場合
    リンクの内容を確認: ※logoutは『ユーザログアウトのテスト』でテスト済みになります。
[32m      Homeを押すと、自分のユーザ詳細画面に遷移する[0m
[32m      Usersを押すと、ユーザ一覧画面に遷移する[0m
[32m      Booksを押すと、投稿一覧画面に遷移する[0m
  投稿一覧画面のテスト
    表示内容の確認
[32m      URLが正しい[0m
[31m      自分と他人の画像のリンク先が正しい (FAILED - 1)[0m
[32m      自分の投稿と他人の投稿のタイトルのリンク先がそれぞれ正しい[0m
[32m      自分の投稿と他人の投稿のオピニオンが表示される[0m
    サイドバーの確認
[32m      自分の名前と紹介文が表示される[0m
[32m      自分のユーザ編集画面へのリンクが存在する[0m
[32m      「New book」と表示される[0m
[32m      titleフォームが表示される[0m
[32m      titleフォームに値が入っていない[0m
[32m      bodyフォームが表示される[0m
[32m      bodyフォームに値が入っていない[0m
[32m      Create Bookボタンが表示される[0m
    投稿成功のテスト
[32m      自分の新しい投稿が正しく保存される[0m
[32m      リダイレクト先が、保存できた投稿の詳細画面になっている[0m
  自分の投稿詳細画面のテスト
    表示内容の確認
[32m      URLが正しい[0m
[31m      「Book detail」と表示される (FAILED - 2)[0m
[31m      ユーザ画像・名前のリンク先が正しい (FAILED - 3)[0m
[32m      投稿のtitleが表示される[0m
[32m      投稿のbodyが表示される[0m
[31m      投稿の編集リンクが表示される (FAILED - 4)[0m
[31m      投稿の削除リンクが表示される (FAILED - 5)[0m
    サイドバーの確認
[32m      自分の名前と紹介文が表示される[0m
[32m      自分のユーザ編集画面へのリンクが存在する[0m
[32m      「New book」と表示される[0m
[32m      titleフォームが表示される[0m
[32m      titleフォームに値が入っていない[0m
[32m      bodyフォームが表示される[0m
[31m      bodyフォームに値が入っていない (FAILED - 6)[0m
[32m      Create Bookボタンが表示される[0m
    投稿成功のテスト
[31m      自分の新しい投稿が正しく保存される (FAILED - 7)[0m
    編集リンクのテスト
[31m      編集画面に遷移する (FAILED - 8)[0m
    削除リンクのテスト
[31m      application.html.erbにjavascript_pack_tagを含んでいる (FAILED - 9)[0m
[31m      正しく削除される (FAILED - 10)[0m
[31m      リダイレクト先が、投稿一覧画面になっている (FAILED - 11)[0m
  自分の投稿編集画面のテスト
    表示の確認
[32m      URLが正しい[0m
[32m      「Editing Book」と表示される[0m
[32m      title編集フォームが表示される[0m
[32m      body編集フォームが表示される[0m
[32m      Update Bookボタンが表示される[0m
[31m      Showリンクが表示される (FAILED - 12)[0m
[32m      Backリンクが表示される[0m
    編集成功のテスト
[32m      titleが正しく更新される[0m
[32m      bodyが正しく更新される[0m
[31m      リダイレクト先が、更新した投稿の詳細画面になっている (FAILED - 13)[0m
  ユーザ一覧画面のテスト
    表示内容の確認
[32m      URLが正しい[0m
[32m      自分と他人の画像が表示される: fallbackの画像がサイドバーの1つ＋一覧(2人)の2つの計3つ存在する[0m
[32m      自分と他人の名前がそれぞれ表示される[0m
[32m      自分と他人のshowリンクがそれぞれ表示される[0m
    サイドバーの確認
[32m      自分の名前と紹介文が表示される[0m
[32m      自分のユーザ編集画面へのリンクが存在する[0m
[32m      「New book」と表示される[0m
[32m      titleフォームが表示される[0m
[32m      titleフォームに値が入っていない[0m
[32m      bodyフォームが表示される[0m
[32m      bodyフォームに値が入っていない[0m
[32m      Create Bookボタンが表示される[0m
  自分のユーザ詳細画面のテスト
    表示の確認
[32m      URLが正しい[0m
[31m      投稿一覧のユーザ画像のリンク先が正しい (FAILED - 14)[0m
[32m      投稿一覧に自分の投稿のtitleが表示され、リンクが正しい[0m
[32m      投稿一覧に自分の投稿のbodyが表示される[0m
[32m      他人の投稿は表示されない[0m
    サイドバーの確認
[32m      自分の名前と紹介文が表示される[0m
[32m      自分のユーザ編集画面へのリンクが存在する[0m
[32m      「New book」と表示される[0m
[32m      titleフォームが表示される[0m
[32m      titleフォームに値が入っていない[0m
[32m      bodyフォームが表示される[0m
[32m      bodyフォームに値が入っていない[0m
[32m      Create Bookボタンが表示される[0m
  自分のユーザ情報編集画面のテスト
    表示の確認
[32m      URLが正しい[0m
[32m      名前編集フォームに自分の名前が表示される[0m
[32m      画像編集フォームが表示される[0m
[32m      自己紹介編集フォームに自分の自己紹介文が表示される[0m
[32m      Update Userボタンが表示される[0m
    更新成功のテスト
[32m      nameが正しく更新される[0m
[32m      introductionが正しく更新される[0m
[32m      リダイレクト先が、自分のユーザ詳細画面になっている[0m

[STEP3] 仕上げのテスト
  サクセスメッセージのテスト
[32m    ユーザ新規登録成功時[0m
[32m    ユーザログイン成功時[0m
[32m    ユーザログアウト成功時[0m
[32m    ユーザのプロフィール情報更新成功時[0m
[31m    投稿データの新規投稿成功時: 投稿一覧画面から行います。 (FAILED - 15)[0m
[31m    投稿データの更新成功時 (FAILED - 16)[0m
  処理失敗時のテスト
    ユーザ新規登録失敗: nameを1文字にする
[32m      新規登録されない[0m
[32m      新規登録画面を表示しており、フォームの内容が正しい[0m
[32m      バリデーションエラーが表示される[0m
    ユーザのプロフィール情報編集失敗: nameを1文字にする
[32m      更新されない[0m
[32m      ユーザ編集画面を表示しており、フォームの内容が正しい[0m
[32m      バリデーションエラーが表示される[0m
    投稿データの新規投稿失敗: 投稿一覧画面から行い、titleを空にする
[32m      投稿が保存されない[0m
[32m      投稿一覧画面を表示している[0m
[32m      新規投稿フォームの内容が正しい[0m
[32m      バリデーションエラーが表示される[0m
    投稿データの更新失敗: titleを空にする
[32m      投稿が更新されない[0m
[32m      投稿編集画面を表示しており、フォームの内容が正しい[0m
[32m      エラーメッセージが表示される[0m
  ログインしていない場合のアクセス制限のテスト: アクセスできず、ログイン画面に遷移する
[32m    ユーザ一覧画面[0m
[32m    ユーザ詳細画面[0m
[32m    ユーザ情報編集画面[0m
[32m    投稿一覧画面[0m
[32m    投稿詳細画面[0m
[32m    投稿編集画面[0m
  他人の画面のテスト
    他人の投稿詳細画面のテスト
      表示内容の確認
[32m        URLが正しい[0m
[31m        「Book detail」と表示される (FAILED - 17)[0m
[31m        ユーザ画像・名前のリンク先が正しい (FAILED - 18)[0m
[32m        投稿のtitleが表示される[0m
[32m        投稿のopinionが表示される[0m
[32m        投稿の編集リンクが表示されない[0m
[32m        投稿の削除リンクが表示されない[0m
      サイドバーの確認
[31m        他人の名前と紹介文が表示される (FAILED - 19)[0m
[31m        他人のユーザ編集画面へのリンクが存在する (FAILED - 20)[0m
[31m        自分の名前と紹介文は表示されない (FAILED - 21)[0m
[31m        自分のユーザ編集画面へのリンクは存在しない (FAILED - 22)[0m
    他人の投稿編集画面
[31m      遷移できず、投稿一覧画面にリダイレクトされる (FAILED - 23)[0m
    他人のユーザ詳細画面のテスト
      表示の確認
[32m        URLが正しい[0m
[31m        投稿一覧のユーザ画像のリンク先が正しい (FAILED - 24)[0m
[31m        投稿一覧に他人の投稿のtitleが表示され、リンクが正しい (FAILED - 25)[0m
[31m        投稿一覧に他人の投稿のopinionが表示される (FAILED - 26)[0m
[31m        自分の投稿は表示されない (FAILED - 27)[0m
      サイドバーの確認
[31m        他人の名前と紹介文が表示される (FAILED - 28)[0m
[32m        他人のユーザ編集画面へのリンクが存在する[0m
[31m        自分の名前と紹介文は表示されない (FAILED - 29)[0m
[32m        自分のユーザ編集画面へのリンクは存在しない[0m
    他人のユーザ情報編集画面
[31m      遷移できず、自分のユーザ詳細画面にリダイレクトされる (FAILED - 30)[0m
  グリッドシステムのテスト: container, row, col-md-〇を正しく使えている
[31m    ユーザ一覧画面 (FAILED - 31)[0m
[31m    ユーザ詳細画面 (FAILED - 32)[0m
[31m    投稿一覧画面 (FAILED - 33)[0m
[31m    投稿詳細画面 (FAILED - 34)[0m
  アイコンのテスト
    トップ画面
[32m      本のアイコンが表示される[0m
    アバウト画面
[32m      本のアイコンが表示される[0m
    ヘッダー: ログインしていない場合
[32m      Homeリンクのアイコンが表示される[0m
[32m      Aboutリンクのアイコンが表示される[0m
[32m      Sign upリンクのアイコンが表示される[0m
[32m      Log inリンクのアイコンが表示される[0m
    ヘッダー: ログインしている場合
[32m      Homeリンクのアイコンが表示される[0m
[32m      Usersリンクのアイコンが表示される[0m
[32m      Booksリンクのアイコンが表示される[0m
[32m      Log outリンクのアイコンが表示される[0m
    サイドバー
[32m      ユーザ一覧画面でレンチアイコンが表示される[0m
[32m      ユーザ詳細画面でレンチアイコンが表示される[0m
[32m      投稿一覧画面でレンチアイコンが表示される[0m
[32m      投稿詳細画面でレンチアイコンが表示される[0m

Failures:

  1) [STEP2] ユーザログイン後のテスト 投稿一覧画面のテスト 表示内容の確認 自分と他人の画像のリンク先が正しい
     [31mFailure/Error: expect(page).to have_link '', href: user_path(book.user)[0m
     [31m  expected to find link "" with href "/users/2" but there were no matches[0m
     [36m# ./spec/system/02_after_login_spec.rb:51:in `block (4 levels) in <main>'[0m

  2) [STEP2] ユーザログイン後のテスト 自分の投稿詳細画面のテスト 表示内容の確認 「Book detail」と表示される
     [31mFailure/Error: expect(page).to have_content 'Book detail'[0m
     [31m  expected to find text "Book detail" in "Bookers\nHome Users Books Log out\nUser info\nname tqfxtxa30j introduction inu5lnvhwliyg4aw7o15\n　 　　 　\nNew book\nTitle\nOpinion\nnniomemuiy81nylqouhd\nBooks\nTitle Opinion l0i1b nniomemuiy81nylqouhd hbd6s nogqrwq3tlfiy5jcacv9\nCopyRight Infratop.inc"[0m
     [36m# ./spec/system/02_after_login_spec.rb:118:in `block (4 levels) in <main>'[0m

  3) [STEP2] ユーザログイン後のテスト 自分の投稿詳細画面のテスト 表示内容の確認 ユーザ画像・名前のリンク先が正しい
     [31mFailure/Error: expect(page).to have_link book.user.name, href: user_path(book.user)[0m
     [31m  expected to find link "gdnlxljmu3" with href "/users/2" but there were no matches[0m
     [36m# ./spec/system/02_after_login_spec.rb:121:in `block (4 levels) in <main>'[0m

  4) [STEP2] ユーザログイン後のテスト 自分の投稿詳細画面のテスト 表示内容の確認 投稿の編集リンクが表示される
     [31mFailure/Error: expect(page).to have_link 'Edit', href: edit_book_path(book)[0m
     [31m  expected to find link "Edit" with href "/books/1/edit" but there were no matches[0m
     [36m# ./spec/system/02_after_login_spec.rb:130:in `block (4 levels) in <main>'[0m

  5) [STEP2] ユーザログイン後のテスト 自分の投稿詳細画面のテスト 表示内容の確認 投稿の削除リンクが表示される
     [31mFailure/Error: expect(page).to have_link 'Destroy', href: book_path(book)[0m
     [31m  expected to find link "Destroy" with href "/books/1" but there were no matches[0m
     [36m# ./spec/system/02_after_login_spec.rb:133:in `block (4 levels) in <main>'[0m

  6) [STEP2] ユーザログイン後のテスト 自分の投稿詳細画面のテスト サイドバーの確認 bodyフォームに値が入っていない
     [31mFailure/Error: expect(find_field('book[body]').text).to be_blank[0m
     [31m  expected `"opgdg16eocmdsiwlbvx7".blank?` to be truthy, got false[0m
     [36m# ./spec/system/02_after_login_spec.rb:158:in `block (4 levels) in <main>'[0m

  7) [STEP2] ユーザログイン後のテスト 自分の投稿詳細画面のテスト 投稿成功のテスト 自分の新しい投稿が正しく保存される
     [31mFailure/Error: expect { click_button 'Create Book' }.to change(user.books, :count).by(1)[0m
     [31m  expected `Book::ActiveRecord_Associations_CollectionProxy#count` to have changed by 1, but was changed by 0[0m
     [36m# ./spec/system/02_after_login_spec.rb:172:in `block (4 levels) in <main>'[0m

  8) [STEP2] ユーザログイン後のテスト 自分の投稿詳細画面のテスト 編集リンクのテスト 編集画面に遷移する
     [31mFailure/Error: click_link 'Edit'[0m
     [31m[0m
     [31mCapybara::ElementNotFound:[0m
     [31m  Unable to find link "Edit"[0m
     [36m# /home/ec2-user/.rvm/gems/ruby-3.1.2/gems/capybara-3.39.0/lib/capybara/node/finders.rb:312:in `block in synced_resolve'[0m
     [36m# /home/ec2-user/.rvm/gems/ruby-3.1.2/gems/capybara-3.39.0/lib/capybara/node/base.rb:84:in `synchronize'[0m
     [36m# /home/ec2-user/.rvm/gems/ruby-3.1.2/gems/capybara-3.39.0/lib/capybara/node/finders.rb:301:in `synced_resolve'[0m
     [36m# /home/ec2-user/.rvm/gems/ruby-3.1.2/gems/capybara-3.39.0/lib/capybara/node/finders.rb:60:in `find'[0m
     [36m# /home/ec2-user/.rvm/gems/ruby-3.1.2/gems/capybara-3.39.0/lib/capybara/node/actions.rb:42:in `click_link'[0m
     [36m# /home/ec2-user/.rvm/gems/ruby-3.1.2/gems/capybara-3.39.0/lib/capybara/session.rb:773:in `click_link'[0m
     [36m# /home/ec2-user/.rvm/gems/ruby-3.1.2/gems/capybara-3.39.0/lib/capybara/dsl.rb:52:in `call'[0m
     [36m# /home/ec2-user/.rvm/gems/ruby-3.1.2/gems/capybara-3.39.0/lib/capybara/dsl.rb:52:in `click_link'[0m
     [36m# ./spec/system/02_after_login_spec.rb:178:in `block (4 levels) in <main>'[0m

  9) [STEP2] ユーザログイン後のテスト 自分の投稿詳細画面のテスト 削除リンクのテスト application.html.erbにjavascript_pack_tagを含んでいる
     [31mFailure/Error: click_link 'Destroy'[0m
     [31m[0m
     [31mCapybara::ElementNotFound:[0m
     [31m  Unable to find link "Destroy"[0m
     [36m# /home/ec2-user/.rvm/gems/ruby-3.1.2/gems/capybara-3.39.0/lib/capybara/node/finders.rb:312:in `block in synced_resolve'[0m
     [36m# /home/ec2-user/.rvm/gems/ruby-3.1.2/gems/capybara-3.39.0/lib/capybara/node/base.rb:84:in `synchronize'[0m
     [36m# /home/ec2-user/.rvm/gems/ruby-3.1.2/gems/capybara-3.39.0/lib/capybara/node/finders.rb:301:in `synced_resolve'[0m
     [36m# /home/ec2-user/.rvm/gems/ruby-3.1.2/gems/capybara-3.39.0/lib/capybara/node/finders.rb:60:in `find'[0m
     [36m# /home/ec2-user/.rvm/gems/ruby-3.1.2/gems/capybara-3.39.0/lib/capybara/node/actions.rb:42:in `click_link'[0m
     [36m# /home/ec2-user/.rvm/gems/ruby-3.1.2/gems/capybara-3.39.0/lib/capybara/session.rb:773:in `click_link'[0m
     [36m# /home/ec2-user/.rvm/gems/ruby-3.1.2/gems/capybara-3.39.0/lib/capybara/dsl.rb:52:in `call'[0m
     [36m# /home/ec2-user/.rvm/gems/ruby-3.1.2/gems/capybara-3.39.0/lib/capybara/dsl.rb:52:in `click_link'[0m
     [36m# ./spec/system/02_after_login_spec.rb:196:in `block (4 levels) in <main>'[0m

  10) [STEP2] ユーザログイン後のテスト 自分の投稿詳細画面のテスト 削除リンクのテスト 正しく削除される
      [31mFailure/Error: click_link 'Destroy'[0m
      [31m[0m
      [31mCapybara::ElementNotFound:[0m
      [31m  Unable to find link "Destroy"[0m
      [36m# /home/ec2-user/.rvm/gems/ruby-3.1.2/gems/capybara-3.39.0/lib/capybara/node/finders.rb:312:in `block in synced_resolve'[0m
      [36m# /home/ec2-user/.rvm/gems/ruby-3.1.2/gems/capybara-3.39.0/lib/capybara/node/base.rb:84:in `synchronize'[0m
      [36m# /home/ec2-user/.rvm/gems/ruby-3.1.2/gems/capybara-3.39.0/lib/capybara/node/finders.rb:301:in `synced_resolve'[0m
      [36m# /home/ec2-user/.rvm/gems/ruby-3.1.2/gems/capybara-3.39.0/lib/capybara/node/finders.rb:60:in `find'[0m
      [36m# /home/ec2-user/.rvm/gems/ruby-3.1.2/gems/capybara-3.39.0/lib/capybara/node/actions.rb:42:in `click_link'[0m
      [36m# /home/ec2-user/.rvm/gems/ruby-3.1.2/gems/capybara-3.39.0/lib/capybara/session.rb:773:in `click_link'[0m
      [36m# /home/ec2-user/.rvm/gems/ruby-3.1.2/gems/capybara-3.39.0/lib/capybara/dsl.rb:52:in `call'[0m
      [36m# /home/ec2-user/.rvm/gems/ruby-3.1.2/gems/capybara-3.39.0/lib/capybara/dsl.rb:52:in `click_link'[0m
      [36m# ./spec/system/02_after_login_spec.rb:196:in `block (4 levels) in <main>'[0m

  11) [STEP2] ユーザログイン後のテスト 自分の投稿詳細画面のテスト 削除リンクのテスト リダイレクト先が、投稿一覧画面になっている
      [31mFailure/Error: click_link 'Destroy'[0m
      [31m[0m
      [31mCapybara::ElementNotFound:[0m
      [31m  Unable to find link "Destroy"[0m
      [36m# /home/ec2-user/.rvm/gems/ruby-3.1.2/gems/capybara-3.39.0/lib/capybara/node/finders.rb:312:in `block in synced_resolve'[0m
      [36m# /home/ec2-user/.rvm/gems/ruby-3.1.2/gems/capybara-3.39.0/lib/capybara/node/base.rb:84:in `synchronize'[0m
      [36m# /home/ec2-user/.rvm/gems/ruby-3.1.2/gems/capybara-3.39.0/lib/capybara/node/finders.rb:301:in `synced_resolve'[0m
      [36m# /home/ec2-user/.rvm/gems/ruby-3.1.2/gems/capybara-3.39.0/lib/capybara/node/finders.rb:60:in `find'[0m
      [36m# /home/ec2-user/.rvm/gems/ruby-3.1.2/gems/capybara-3.39.0/lib/capybara/node/actions.rb:42:in `click_link'[0m
      [36m# /home/ec2-user/.rvm/gems/ruby-3.1.2/gems/capybara-3.39.0/lib/capybara/session.rb:773:in `click_link'[0m
      [36m# /home/ec2-user/.rvm/gems/ruby-3.1.2/gems/capybara-3.39.0/lib/capybara/dsl.rb:52:in `call'[0m
      [36m# /home/ec2-user/.rvm/gems/ruby-3.1.2/gems/capybara-3.39.0/lib/capybara/dsl.rb:52:in `click_link'[0m
      [36m# ./spec/system/02_after_login_spec.rb:196:in `block (4 levels) in <main>'[0m

  12) [STEP2] ユーザログイン後のテスト 自分の投稿編集画面のテスト 表示の確認 Showリンクが表示される
      [31mFailure/Error: expect(page).to have_link 'Show', href: book_path(book)[0m
      [31m  expected to find link "Show" with href "/books/1" but there were no matches[0m
      [36m# ./spec/system/02_after_login_spec.rb:229:in `block (4 levels) in <main>'[0m

  13) [STEP2] ユーザログイン後のテスト 自分の投稿編集画面のテスト 編集成功のテスト リダイレクト先が、更新した投稿の詳細画面になっている
      [31mFailure/Error: expect(page).to have_content 'Book detail'[0m
      [31m  expected to find text "Book detail" in "Bookers\nHome Users Books Log out\nUser info\nname f62hzegyqa introduction qu56o0shajzwb199jc1l\n　 　　 　\nNew book\nTitle\nOpinion\nh1xm9g6wzjlpo5dbbxh\nBooks\nTitle Opinion dgtt h1xm9g6wzjlpo5dbbxh zatpj ab9rgbo83gefvu9ypoyh\nCopyRight Infratop.inc"[0m
      [36m# ./spec/system/02_after_login_spec.rb:253:in `block (4 levels) in <main>'[0m

  14) [STEP2] ユーザログイン後のテスト 自分のユーザ詳細画面のテスト 表示の確認 投稿一覧のユーザ画像のリンク先が正しい
      [31mFailure/Error: expect(page).to have_link '', href: user_path(user)[0m
      [31m  expected to find link "" with href "/users/2" but there were no matches[0m
      [36m# ./spec/system/02_after_login_spec.rb:319:in `block (4 levels) in <main>'[0m

  15) [STEP3] 仕上げのテスト サクセスメッセージのテスト 投稿データの新規投稿成功時: 投稿一覧画面から行います。
      [31mFailure/Error: is_expected.to have_content 'successfully'[0m
      [31m  expected to find text "successfully" in "Bookers\nHome Users Books Log out\nUser info\nname 6r7ffe7ijl introduction w4uh0k7fy2gw4wal2j64\n　 　　 　\nNew book\nTitle\nOpinion\nt43gv20uxcf7m3u562hr\nBooks\nTitle Opinion kb5zm 3v6okh039z3b1qz6y7hg t1pxt g86jn2naaa32sgzk3rgd j354i t43gv20uxcf7m3u562hr\nCopyRight Infratop.inc"[0m
      [36m# ./spec/system/03_finishing_touches_spec.rb:56:in `block (3 levels) in <main>'[0m

  16) [STEP3] 仕上げのテスト サクセスメッセージのテスト 投稿データの更新成功時
      [31mFailure/Error: is_expected.to have_content 'successfully'[0m
      [31m  expected to find text "successfully" in "Bookers\nHome Users Books Log out\nUser info\nname hlgrvp5y57 introduction tdok0dlje2zyxsu1dvxy\n　 　　 　\nNew book\nTitle\nOpinion\n10l43uyb6526ryr5h55a\nBooks\nTitle Opinion i55dl 10l43uyb6526ryr5h55a a3k9s wcb9po05d5n37v21l8uo\nCopyRight Infratop.inc"[0m
      [36m# ./spec/system/03_finishing_touches_spec.rb:65:in `block (3 levels) in <main>'[0m

  17) [STEP3] 仕上げのテスト 他人の画面のテスト 他人の投稿詳細画面のテスト 表示内容の確認 「Book detail」と表示される
      [31mFailure/Error: expect(page).to have_content 'Book detail'[0m
      [31m  expected to find text "Book detail" in "Bookers\nHome Users Books Log out\nUser info\nname 0j2om7fsmv introduction iocfuz6unjn0wpr1dmha\n　 　　 　\nNew book\nTitle\nOpinion\nq2qe7830epesu1vdetfr\nBooks\nTitle Opinion 10uwx orx22o7zltxy9vfa1h6j og262 q2qe7830epesu1vdetfr\nCopyRight Infratop.inc"[0m
      [36m# ./spec/system/03_finishing_touches_spec.rb:223:in `block (5 levels) in <main>'[0m

  18) [STEP3] 仕上げのテスト 他人の画面のテスト 他人の投稿詳細画面のテスト 表示内容の確認 ユーザ画像・名前のリンク先が正しい
      [31mFailure/Error: expect(page).to have_link other_book.user.name, href: user_path(other_book.user)[0m
      [31m  expected to find link "ydrvyq19nq" with href "/users/1" but there were no matches[0m
      [36m# ./spec/system/03_finishing_touches_spec.rb:226:in `block (5 levels) in <main>'[0m

  19) [STEP3] 仕上げのテスト 他人の画面のテスト 他人の投稿詳細画面のテスト サイドバーの確認 他人の名前と紹介文が表示される
      [31mFailure/Error: expect(page).to have_content other_user.name[0m
      [31m  expected to find text "qdcu4u4c92" in "Bookers\nHome Users Books Log out\nUser info\nname n95634wdzr introduction ylotocm1cr7kypb395mt\n　 　　 　\nNew book\nTitle\nOpinion\n99aoumebvkbismvv00p6\nBooks\nTitle Opinion h133r jdzgugeebbzfxcubc2ce ngnrj 99aoumebvkbismvv00p6\nCopyRight Infratop.inc"[0m
      [36m# ./spec/system/03_finishing_touches_spec.rb:244:in `block (5 levels) in <main>'[0m

  20) [STEP3] 仕上げのテスト 他人の画面のテスト 他人の投稿詳細画面のテスト サイドバーの確認 他人のユーザ編集画面へのリンクが存在する
      [31mFailure/Error: expect(page).to have_link '', href: edit_user_path(other_user)[0m
      [31m  expected to find link "" with href "/users/1/edit" but there were no matches[0m
      [36m# ./spec/system/03_finishing_touches_spec.rb:248:in `block (5 levels) in <main>'[0m

  21) [STEP3] 仕上げのテスト 他人の画面のテスト 他人の投稿詳細画面のテスト サイドバーの確認 自分の名前と紹介文は表示されない
      [31mFailure/Error: expect(page).not_to have_content user.name[0m
      [31m  expected not to find text "hrdfoikgsp" in "Bookers\nHome Users Books Log out\nUser info\nname hrdfoikgsp introduction cdaczzxk0dphors9r0ei\n　 　　 　\nNew book\nTitle\nOpinion\n2v03s0185yrxq6qfh6oc\nBooks\nTitle Opinion 4qqms qljqsk9dojooxs8o9fdd ikjor 2v03s0185yrxq6qfh6oc\nCopyRight Infratop.inc"[0m
      [36m# ./spec/system/03_finishing_touches_spec.rb:251:in `block (5 levels) in <main>'[0m

  22) [STEP3] 仕上げのテスト 他人の画面のテスト 他人の投稿詳細画面のテスト サイドバーの確認 自分のユーザ編集画面へのリンクは存在しない
      [31mFailure/Error: expect(page).not_to have_link '', href: edit_user_path(user)[0m
      [31m  expected not to find visible link "" with href "/users/2/edit", found 1 match: ""[0m
      [36m# ./spec/system/03_finishing_touches_spec.rb:255:in `block (5 levels) in <main>'[0m

  23) [STEP3] 仕上げのテスト 他人の画面のテスト 他人の投稿編集画面 遷移できず、投稿一覧画面にリダイレクトされる
      [31mFailure/Error: expect(current_path).to eq '/books'[0m
      [31m[0m
      [31m  expected: "/books"[0m
      [31m       got: "/books/2/edit"[0m
      [31m[0m
      [31m  (compared using ==)[0m
      [36m# ./spec/system/03_finishing_touches_spec.rb:263:in `block (4 levels) in <main>'[0m

  24) [STEP3] 仕上げのテスト 他人の画面のテスト 他人のユーザ詳細画面のテスト 表示の確認 投稿一覧のユーザ画像のリンク先が正しい
      [31mFailure/Error: expect(page).to have_link '', href: user_path(other_user)[0m
      [31m  expected to find link "" with href "/users/1" but there were no matches[0m
      [36m# ./spec/system/03_finishing_touches_spec.rb:277:in `block (5 levels) in <main>'[0m

  25) [STEP3] 仕上げのテスト 他人の画面のテスト 他人のユーザ詳細画面のテスト 表示の確認 投稿一覧に他人の投稿のtitleが表示され、リンクが正しい
      [31mFailure/Error: expect(page).to have_link other_book.title, href: book_path(other_book)[0m
      [31m  expected to find link "pwt9t" with href "/books/2" but there were no matches[0m
      [36m# ./spec/system/03_finishing_touches_spec.rb:280:in `block (5 levels) in <main>'[0m

  26) [STEP3] 仕上げのテスト 他人の画面のテスト 他人のユーザ詳細画面のテスト 表示の確認 投稿一覧に他人の投稿のopinionが表示される
      [31mFailure/Error: expect(page).to have_content other_book.body[0m
      [31m  expected to find text "xdr2nkfembldomtm8vmg" in "Bookers\nHome Users Books Log out\nUser info\nname vu9l97v2n4 introduction 0dyrou3yxefdcu1wr1ca\n　 　　 　\nNew book\nTitle\nOpinion\nBooks\nTitle Opinion n69tb 4vum0lo549dcnl5gv83z\nCopyRight Infratop.inc"[0m
      [36m# ./spec/system/03_finishing_touches_spec.rb:283:in `block (5 levels) in <main>'[0m

  27) [STEP3] 仕上げのテスト 他人の画面のテスト 他人のユーザ詳細画面のテスト 表示の確認 自分の投稿は表示されない
      [31mFailure/Error: expect(page).not_to have_content book.title[0m
      [31m  expected not to find text "2vdmh" in "Bookers\nHome Users Books Log out\nUser info\nname 35m85ia2bo introduction rl0dvx6c9een9q0unvi1\n　 　　 　\nNew book\nTitle\nOpinion\nBooks\nTitle Opinion 2vdmh wnvpsx25c9e4hx0pm3a1\nCopyRight Infratop.inc"[0m
      [36m# ./spec/system/03_finishing_touches_spec.rb:286:in `block (5 levels) in <main>'[0m

  28) [STEP3] 仕上げのテスト 他人の画面のテスト 他人のユーザ詳細画面のテスト サイドバーの確認 他人の名前と紹介文が表示される
      [31mFailure/Error: expect(page).to have_content other_user.name[0m
      [31m  expected to find text "r9adh28rbd" in "Bookers\nHome Users Books Log out\nUser info\nname puu7m1snpq introduction kown2a7v1imhj6ac8ef8\n　 　　 　\nNew book\nTitle\nOpinion\nBooks\nTitle Opinion pzxo0 2nsaj27uej7i3uzu8cbx\nCopyRight Infratop.inc"[0m
      [36m# ./spec/system/03_finishing_touches_spec.rb:293:in `block (5 levels) in <main>'[0m

  29) [STEP3] 仕上げのテスト 他人の画面のテスト 他人のユーザ詳細画面のテスト サイドバーの確認 自分の名前と紹介文は表示されない
      [31mFailure/Error: expect(page).not_to have_content user.name[0m
      [31m  expected not to find text "vuz0xi8b13" in "Bookers\nHome Users Books Log out\nUser info\nname vuz0xi8b13 introduction tryoic5uqqh69dvgazl7\n　 　　 　\nNew book\nTitle\nOpinion\nBooks\nTitle Opinion okoo1 0qq0jotb8evqz819612h\nCopyRight Infratop.inc"[0m
      [36m# ./spec/system/03_finishing_touches_spec.rb:300:in `block (5 levels) in <main>'[0m

  30) [STEP3] 仕上げのテスト 他人の画面のテスト 他人のユーザ情報編集画面 遷移できず、自分のユーザ詳細画面にリダイレクトされる
      [31mFailure/Error: expect(current_path).to eq '/users/' + user.id.to_s[0m
      [31m[0m
      [31m  expected: "/users/2"[0m
      [31m       got: "/books"[0m
      [31m[0m
      [31m  (compared using ==)[0m
      [36m# ./spec/system/03_finishing_touches_spec.rb:312:in `block (4 levels) in <main>'[0m

  31) [STEP3] 仕上げのテスト グリッドシステムのテスト: container, row, col-md-〇を正しく使えている ユーザ一覧画面
      [31mFailure/Error: is_expected.to have_selector '.container .row .col-md-3'[0m
      [31m  expected to find css ".container .row .col-md-3" but there were no matches[0m
      [36m# ./spec/system/03_finishing_touches_spec.rb:329:in `block (3 levels) in <main>'[0m

  32) [STEP3] 仕上げのテスト グリッドシステムのテスト: container, row, col-md-〇を正しく使えている ユーザ詳細画面
      [31mFailure/Error: is_expected.to have_selector '.container .row .col-md-3'[0m
      [31m  expected to find css ".container .row .col-md-3" but there were no matches[0m
      [36m# ./spec/system/03_finishing_touches_spec.rb:334:in `block (3 levels) in <main>'[0m

  33) [STEP3] 仕上げのテスト グリッドシステムのテスト: container, row, col-md-〇を正しく使えている 投稿一覧画面
      [31mFailure/Error: is_expected.to have_selector '.container .row .col-md-3'[0m
      [31m  expected to find css ".container .row .col-md-3" but there were no matches[0m
      [36m# ./spec/system/03_finishing_touches_spec.rb:339:in `block (3 levels) in <main>'[0m

  34) [STEP3] 仕上げのテスト グリッドシステムのテスト: container, row, col-md-〇を正しく使えている 投稿詳細画面
      [31mFailure/Error: is_expected.to have_selector '.container .row .col-md-3'[0m
      [31m  expected to find css ".container .row .col-md-3" but there were no matches[0m
      [36m# ./spec/system/03_finishing_touches_spec.rb:344:in `block (3 levels) in <main>'[0m

Finished in 23.61 seconds (files took 1.4 seconds to load)
[31m199 examples, 34 failures[0m

Failed examples:

[31mrspec ./spec/system/02_after_login_spec.rb:50[0m [36m# [STEP2] ユーザログイン後のテスト 投稿一覧画面のテスト 表示内容の確認 自分と他人の画像のリンク先が正しい[0m
[31mrspec ./spec/system/02_after_login_spec.rb:117[0m [36m# [STEP2] ユーザログイン後のテスト 自分の投稿詳細画面のテスト 表示内容の確認 「Book detail」と表示される[0m
[31mrspec ./spec/system/02_after_login_spec.rb:120[0m [36m# [STEP2] ユーザログイン後のテスト 自分の投稿詳細画面のテスト 表示内容の確認 ユーザ画像・名前のリンク先が正しい[0m
[31mrspec ./spec/system/02_after_login_spec.rb:129[0m [36m# [STEP2] ユーザログイン後のテスト 自分の投稿詳細画面のテスト 表示内容の確認 投稿の編集リンクが表示される[0m
[31mrspec ./spec/system/02_after_login_spec.rb:132[0m [36m# [STEP2] ユーザログイン後のテスト 自分の投稿詳細画面のテスト 表示内容の確認 投稿の削除リンクが表示される[0m
[31mrspec ./spec/system/02_after_login_spec.rb:157[0m [36m# [STEP2] ユーザログイン後のテスト 自分の投稿詳細画面のテスト サイドバーの確認 bodyフォームに値が入っていない[0m
[31mrspec ./spec/system/02_after_login_spec.rb:171[0m [36m# [STEP2] ユーザログイン後のテスト 自分の投稿詳細画面のテスト 投稿成功のテスト 自分の新しい投稿が正しく保存される[0m
[31mrspec ./spec/system/02_after_login_spec.rb:177[0m [36m# [STEP2] ユーザログイン後のテスト 自分の投稿詳細画面のテスト 編集リンクのテスト 編集画面に遷移する[0m
[31mrspec ./spec/system/02_after_login_spec.rb:184[0m [36m# [STEP2] ユーザログイン後のテスト 自分の投稿詳細画面のテスト 削除リンクのテスト application.html.erbにjavascript_pack_tagを含んでいる[0m
[31mrspec ./spec/system/02_after_login_spec.rb:198[0m [36m# [STEP2] ユーザログイン後のテスト 自分の投稿詳細画面のテスト 削除リンクのテスト 正しく削除される[0m
[31mrspec ./spec/system/02_after_login_spec.rb:201[0m [36m# [STEP2] ユーザログイン後のテスト 自分の投稿詳細画面のテスト 削除リンクのテスト リダイレクト先が、投稿一覧画面になっている[0m
[31mrspec ./spec/system/02_after_login_spec.rb:228[0m [36m# [STEP2] ユーザログイン後のテスト 自分の投稿編集画面のテスト 表示の確認 Showリンクが表示される[0m
[31mrspec ./spec/system/02_after_login_spec.rb:251[0m [36m# [STEP2] ユーザログイン後のテスト 自分の投稿編集画面のテスト 編集成功のテスト リダイレクト先が、更新した投稿の詳細画面になっている[0m
[31mrspec ./spec/system/02_after_login_spec.rb:318[0m [36m# [STEP2] ユーザログイン後のテスト 自分のユーザ詳細画面のテスト 表示の確認 投稿一覧のユーザ画像のリンク先が正しい[0m
[31mrspec ./spec/system/03_finishing_touches_spec.rb:47[0m [36m# [STEP3] 仕上げのテスト サクセスメッセージのテスト 投稿データの新規投稿成功時: 投稿一覧画面から行います。[0m
[31mrspec ./spec/system/03_finishing_touches_spec.rb:58[0m [36m# [STEP3] 仕上げのテスト サクセスメッセージのテスト 投稿データの更新成功時[0m
[31mrspec ./spec/system/03_finishing_touches_spec.rb:222[0m [36m# [STEP3] 仕上げのテスト 他人の画面のテスト 他人の投稿詳細画面のテスト 表示内容の確認 「Book detail」と表示される[0m
[31mrspec ./spec/system/03_finishing_touches_spec.rb:225[0m [36m# [STEP3] 仕上げのテスト 他人の画面のテスト 他人の投稿詳細画面のテスト 表示内容の確認 ユーザ画像・名前のリンク先が正しい[0m
[31mrspec ./spec/system/03_finishing_touches_spec.rb:243[0m [36m# [STEP3] 仕上げのテスト 他人の画面のテスト 他人の投稿詳細画面のテスト サイドバーの確認 他人の名前と紹介文が表示される[0m
[31mrspec ./spec/system/03_finishing_touches_spec.rb:247[0m [36m# [STEP3] 仕上げのテスト 他人の画面のテスト 他人の投稿詳細画面のテスト サイドバーの確認 他人のユーザ編集画面へのリンクが存在する[0m
[31mrspec ./spec/system/03_finishing_touches_spec.rb:250[0m [36m# [STEP3] 仕上げのテスト 他人の画面のテスト 他人の投稿詳細画面のテスト サイドバーの確認 自分の名前と紹介文は表示されない[0m
[31mrspec ./spec/system/03_finishing_touches_spec.rb:254[0m [36m# [STEP3] 仕上げのテスト 他人の画面のテスト 他人の投稿詳細画面のテスト サイドバーの確認 自分のユーザ編集画面へのリンクは存在しない[0m
[31mrspec ./spec/system/03_finishing_touches_spec.rb:261[0m [36m# [STEP3] 仕上げのテスト 他人の画面のテスト 他人の投稿編集画面 遷移できず、投稿一覧画面にリダイレクトされる[0m
[31mrspec ./spec/system/03_finishing_touches_spec.rb:276[0m [36m# [STEP3] 仕上げのテスト 他人の画面のテスト 他人のユーザ詳細画面のテスト 表示の確認 投稿一覧のユーザ画像のリンク先が正しい[0m
[31mrspec ./spec/system/03_finishing_touches_spec.rb:279[0m [36m# [STEP3] 仕上げのテスト 他人の画面のテスト 他人のユーザ詳細画面のテスト 表示の確認 投稿一覧に他人の投稿のtitleが表示され、リンクが正しい[0m
[31mrspec ./spec/system/03_finishing_touches_spec.rb:282[0m [36m# [STEP3] 仕上げのテスト 他人の画面のテスト 他人のユーザ詳細画面のテスト 表示の確認 投稿一覧に他人の投稿のopinionが表示される[0m
[31mrspec ./spec/system/03_finishing_touches_spec.rb:285[0m [36m# [STEP3] 仕上げのテスト 他人の画面のテスト 他人のユーザ詳細画面のテスト 表示の確認 自分の投稿は表示されない[0m
[31mrspec ./spec/system/03_finishing_touches_spec.rb:292[0m [36m# [STEP3] 仕上げのテスト 他人の画面のテスト 他人のユーザ詳細画面のテスト サイドバーの確認 他人の名前と紹介文が表示される[0m
[31mrspec ./spec/system/03_finishing_touches_spec.rb:299[0m [36m# [STEP3] 仕上げのテスト 他人の画面のテスト 他人のユーザ詳細画面のテスト サイドバーの確認 自分の名前と紹介文は表示されない[0m
[31mrspec ./spec/system/03_finishing_touches_spec.rb:310[0m [36m# [STEP3] 仕上げのテスト 他人の画面のテスト 他人のユーザ情報編集画面 遷移できず、自分のユーザ詳細画面にリダイレクトされる[0m
[31mrspec ./spec/system/03_finishing_touches_spec.rb:327[0m [36m# [STEP3] 仕上げのテスト グリッドシステムのテスト: container, row, col-md-〇を正しく使えている ユーザ一覧画面[0m
[31mrspec ./spec/system/03_finishing_touches_spec.rb:332[0m [36m# [STEP3] 仕上げのテスト グリッドシステムのテスト: container, row, col-md-〇を正しく使えている ユーザ詳細画面[0m
[31mrspec ./spec/system/03_finishing_touches_spec.rb:337[0m [36m# [STEP3] 仕上げのテスト グリッドシステムのテスト: container, row, col-md-〇を正しく使えている 投稿一覧画面[0m
[31mrspec ./spec/system/03_finishing_touches_spec.rb:342[0m [36m# [STEP3] 仕上げのテスト グリッドシステムのテスト: container, row, col-md-〇を正しく使えている 投稿詳細画面[0m

